
*** Running vivado
    with args -log design_1_wrapper.vds -m64 -product Vivado -mode batch -messageDb vivado.pb -notrace -source design_1_wrapper.tcl


****** Vivado v2019.1 (64-bit)
  **** SW Build 2552052 on Fri May 24 14:49:42 MDT 2019
  **** IP Build 2548770 on Fri May 24 18:01:18 MDT 2019
    ** Copyright 1986-2019 Xilinx, Inc. All Rights Reserved.

source design_1_wrapper.tcl -notrace
INFO: [IP_Flow 19-234] Refreshing IP repositories
INFO: [IP_Flow 19-1700] Loaded user IP repository 'c:/Users/Kamil/Desktop/fisr/vivado/ip_repo/fisr_controller_v2_1.0'.
INFO: [IP_Flow 19-1700] Loaded user IP repository 'c:/Users/Kamil/Desktop/fisr/fisr_hls/solution1/impl/ip'.
INFO: [IP_Flow 19-2313] Loaded Vivado IP repository 'C:/Xilinx/Vivado/2019.1/data/ip'.
add_files: Time (s): cpu = 00:00:02 ; elapsed = 00:00:05 . Memory (MB): peak = 300.777 ; gain = 0.000
Command: synth_design -top design_1_wrapper -part xc7z020clg484-1
Starting synth_design
Attempting to get a license for feature 'Synthesis' and/or device 'xc7z020'
INFO: [Common 17-349] Got license for feature 'Synthesis' and/or device 'xc7z020'
INFO: [Device 21-403] Loading part xc7z020clg484-1
INFO: Launching helper process for spawning children vivado processes
INFO: Helper process launched with PID 53844 
---------------------------------------------------------------------------------
Starting RTL Elaboration : Time (s): cpu = 00:00:03 ; elapsed = 00:00:03 . Memory (MB): peak = 762.980 ; gain = 177.422
---------------------------------------------------------------------------------
INFO: [Synth 8-638] synthesizing module 'design_1_wrapper' [C:/Users/Kamil/Desktop/fisr/vivado/fisr_v5/fisr_v5.srcs/sources_1/bd/design_1/hdl/design_1_wrapper.vhd:25]
INFO: [Synth 8-3491] module 'design_1' declared at 'C:/Users/Kamil/Desktop/fisr/vivado/fisr_v5/fisr_v5.srcs/sources_1/bd/design_1/synth/design_1.vhd:1836' bound to instance 'design_1_i' of component 'design_1' [C:/Users/Kamil/Desktop/fisr/vivado/fisr_v5/fisr_v5.srcs/sources_1/bd/design_1/hdl/design_1_wrapper.vhd:37]
INFO: [Synth 8-638] synthesizing module 'design_1' [C:/Users/Kamil/Desktop/fisr/vivado/fisr_v5/fisr_v5.srcs/sources_1/bd/design_1/synth/design_1.vhd:1851]
INFO: [Synth 8-3491] module 'design_1_axi_gpio_0_0' declared at 'C:/Users/Kamil/Desktop/fisr/vivado/fisr_v5/fisr_v5.runs/synth_1/.Xil/Vivado-56484-DESKTOP-QU5D0NH/realtime/design_1_axi_gpio_0_0_stub.vhdl:5' bound to instance 'axi_gpio_0' of component 'design_1_axi_gpio_0_0' [C:/Users/Kamil/Desktop/fisr/vivado/fisr_v5/fisr_v5.srcs/sources_1/bd/design_1/synth/design_1.vhd:2244]
INFO: [Synth 8-638] synthesizing module 'design_1_axi_gpio_0_0' [C:/Users/Kamil/Desktop/fisr/vivado/fisr_v5/fisr_v5.runs/synth_1/.Xil/Vivado-56484-DESKTOP-QU5D0NH/realtime/design_1_axi_gpio_0_0_stub.vhdl:32]
INFO: [Synth 8-3491] module 'design_1_axi_uartlite_0_0' declared at 'C:/Users/Kamil/Desktop/fisr/vivado/fisr_v5/fisr_v5.runs/synth_1/.Xil/Vivado-56484-DESKTOP-QU5D0NH/realtime/design_1_axi_uartlite_0_0_stub.vhdl:5' bound to instance 'axi_uartlite_0' of component 'design_1_axi_uartlite_0_0' [C:/Users/Kamil/Desktop/fisr/vivado/fisr_v5/fisr_v5.srcs/sources_1/bd/design_1/synth/design_1.vhd:2268]
INFO: [Synth 8-638] synthesizing module 'design_1_axi_uartlite_0_0' [C:/Users/Kamil/Desktop/fisr/vivado/fisr_v5/fisr_v5.runs/synth_1/.Xil/Vivado-56484-DESKTOP-QU5D0NH/realtime/design_1_axi_uartlite_0_0_stub.vhdl:33]
INFO: [Synth 8-3491] module 'design_1_clk_wiz_1_0' declared at 'C:/Users/Kamil/Desktop/fisr/vivado/fisr_v5/fisr_v5.runs/synth_1/.Xil/Vivado-56484-DESKTOP-QU5D0NH/realtime/design_1_clk_wiz_1_0_stub.vhdl:5' bound to instance 'clk_wiz_1' of component 'design_1_clk_wiz_1_0' [C:/Users/Kamil/Desktop/fisr/vivado/fisr_v5/fisr_v5.srcs/sources_1/bd/design_1/synth/design_1.vhd:2293]
INFO: [Synth 8-638] synthesizing module 'design_1_clk_wiz_1_0' [C:/Users/Kamil/Desktop/fisr/vivado/fisr_v5/fisr_v5.runs/synth_1/.Xil/Vivado-56484-DESKTOP-QU5D0NH/realtime/design_1_clk_wiz_1_0_stub.vhdl:15]
INFO: [Synth 8-3491] module 'design_1_fisr_0_0' declared at 'C:/Users/Kamil/Desktop/fisr/vivado/fisr_v5/fisr_v5.runs/synth_1/.Xil/Vivado-56484-DESKTOP-QU5D0NH/realtime/design_1_fisr_0_0_stub.vhdl:5' bound to instance 'fisr_0' of component 'design_1_fisr_0_0' [C:/Users/Kamil/Desktop/fisr/vivado/fisr_v5/fisr_v5.srcs/sources_1/bd/design_1/synth/design_1.vhd:2300]
INFO: [Synth 8-638] synthesizing module 'design_1_fisr_0_0' [C:/Users/Kamil/Desktop/fisr/vivado/fisr_v5/fisr_v5.runs/synth_1/.Xil/Vivado-56484-DESKTOP-QU5D0NH/realtime/design_1_fisr_0_0_stub.vhdl:20]
INFO: [Synth 8-3491] module 'design_1_fisr_controller_v2_0_0' declared at 'C:/Users/Kamil/Desktop/fisr/vivado/fisr_v5/fisr_v5.runs/synth_1/.Xil/Vivado-56484-DESKTOP-QU5D0NH/realtime/design_1_fisr_controller_v2_0_0_stub.vhdl:5' bound to instance 'fisr_controller_v2_0' of component 'design_1_fisr_controller_v2_0_0' [C:/Users/Kamil/Desktop/fisr/vivado/fisr_v5/fisr_v5.srcs/sources_1/bd/design_1/synth/design_1.vhd:2312]
INFO: [Synth 8-638] synthesizing module 'design_1_fisr_controller_v2_0_0' [C:/Users/Kamil/Desktop/fisr/vivado/fisr_v5/fisr_v5.runs/synth_1/.Xil/Vivado-56484-DESKTOP-QU5D0NH/realtime/design_1_fisr_controller_v2_0_0_stub.vhdl:36]
INFO: [Synth 8-3491] module 'design_1_mdm_1_0' declared at 'C:/Users/Kamil/Desktop/fisr/vivado/fisr_v5/fisr_v5.runs/synth_1/.Xil/Vivado-56484-DESKTOP-QU5D0NH/realtime/design_1_mdm_1_0_stub.vhdl:5' bound to instance 'mdm_1' of component 'design_1_mdm_1_0' [C:/Users/Kamil/Desktop/fisr/vivado/fisr_v5/fisr_v5.srcs/sources_1/bd/design_1/synth/design_1.vhd:2340]
INFO: [Synth 8-638] synthesizing module 'design_1_mdm_1_0' [C:/Users/Kamil/Desktop/fisr/vivado/fisr_v5/fisr_v5.runs/synth_1/.Xil/Vivado-56484-DESKTOP-QU5D0NH/realtime/design_1_mdm_1_0_stub.vhdl:21]
INFO: [Synth 8-3491] module 'design_1_microblaze_0_0' declared at 'C:/Users/Kamil/Desktop/fisr/vivado/fisr_v5/fisr_v5.runs/synth_1/.Xil/Vivado-56484-DESKTOP-QU5D0NH/realtime/design_1_microblaze_0_0_stub.vhdl:5' bound to instance 'microblaze_0' of component 'design_1_microblaze_0_0' [C:/Users/Kamil/Desktop/fisr/vivado/fisr_v5/fisr_v5.srcs/sources_1/bd/design_1/synth/design_1.vhd:2353]
INFO: [Synth 8-638] synthesizing module 'design_1_microblaze_0_0' [C:/Users/Kamil/Desktop/fisr/vivado/fisr_v5/fisr_v5.runs/synth_1/.Xil/Vivado-56484-DESKTOP-QU5D0NH/realtime/design_1_microblaze_0_0_stub.vhdl:63]
INFO: [Synth 8-3491] module 'design_1_microblaze_0_axi_intc_0' declared at 'C:/Users/Kamil/Desktop/fisr/vivado/fisr_v5/fisr_v5.runs/synth_1/.Xil/Vivado-56484-DESKTOP-QU5D0NH/realtime/design_1_microblaze_0_axi_intc_0_stub.vhdl:5' bound to instance 'microblaze_0_axi_intc' of component 'design_1_microblaze_0_axi_intc_0' [C:/Users/Kamil/Desktop/fisr/vivado/fisr_v5/fisr_v5.srcs/sources_1/bd/design_1/synth/design_1.vhd:2439]
INFO: [Synth 8-638] synthesizing module 'design_1_microblaze_0_axi_intc_0' [C:/Users/Kamil/Desktop/fisr/vivado/fisr_v5/fisr_v5.runs/synth_1/.Xil/Vivado-56484-DESKTOP-QU5D0NH/realtime/design_1_microblaze_0_axi_intc_0_stub.vhdl:36]
INFO: [Synth 8-638] synthesizing module 'design_1_microblaze_0_axi_periph_0' [C:/Users/Kamil/Desktop/fisr/vivado/fisr_v5/fisr_v5.srcs/sources_1/bd/design_1/synth/design_1.vhd:1203]
INFO: [Synth 8-638] synthesizing module 'm00_couplers_imp_8RVYHO' [C:/Users/Kamil/Desktop/fisr/vivado/fisr_v5/fisr_v5.srcs/sources_1/bd/design_1/synth/design_1.vhd:57]
INFO: [Synth 8-256] done synthesizing module 'm00_couplers_imp_8RVYHO' (1#1) [C:/Users/Kamil/Desktop/fisr/vivado/fisr_v5/fisr_v5.srcs/sources_1/bd/design_1/synth/design_1.vhd:57]
INFO: [Synth 8-638] synthesizing module 'm01_couplers_imp_1UTB3Y5' [C:/Users/Kamil/Desktop/fisr/vivado/fisr_v5/fisr_v5.srcs/sources_1/bd/design_1/synth/design_1.vhd:158]
INFO: [Synth 8-256] done synthesizing module 'm01_couplers_imp_1UTB3Y5' (2#1) [C:/Users/Kamil/Desktop/fisr/vivado/fisr_v5/fisr_v5.srcs/sources_1/bd/design_1/synth/design_1.vhd:158]
INFO: [Synth 8-638] synthesizing module 'm02_couplers_imp_7ANRHB' [C:/Users/Kamil/Desktop/fisr/vivado/fisr_v5/fisr_v5.srcs/sources_1/bd/design_1/synth/design_1.vhd:259]
INFO: [Synth 8-256] done synthesizing module 'm02_couplers_imp_7ANRHB' (3#1) [C:/Users/Kamil/Desktop/fisr/vivado/fisr_v5/fisr_v5.srcs/sources_1/bd/design_1/synth/design_1.vhd:259]
INFO: [Synth 8-638] synthesizing module 'm03_couplers_imp_1W07O72' [C:/Users/Kamil/Desktop/fisr/vivado/fisr_v5/fisr_v5.srcs/sources_1/bd/design_1/synth/design_1.vhd:364]
INFO: [Synth 8-256] done synthesizing module 'm03_couplers_imp_1W07O72' (4#1) [C:/Users/Kamil/Desktop/fisr/vivado/fisr_v5/fisr_v5.srcs/sources_1/bd/design_1/synth/design_1.vhd:364]
INFO: [Synth 8-638] synthesizing module 's00_couplers_imp_1RZP34U' [C:/Users/Kamil/Desktop/fisr/vivado/fisr_v5/fisr_v5.srcs/sources_1/bd/design_1/synth/design_1.vhd:1033]
INFO: [Synth 8-256] done synthesizing module 's00_couplers_imp_1RZP34U' (5#1) [C:/Users/Kamil/Desktop/fisr/vivado/fisr_v5/fisr_v5.srcs/sources_1/bd/design_1/synth/design_1.vhd:1033]
INFO: [Synth 8-3491] module 'design_1_xbar_0' declared at 'C:/Users/Kamil/Desktop/fisr/vivado/fisr_v5/fisr_v5.runs/synth_1/.Xil/Vivado-56484-DESKTOP-QU5D0NH/realtime/design_1_xbar_0_stub.vhdl:5' bound to instance 'xbar' of component 'design_1_xbar_0' [C:/Users/Kamil/Desktop/fisr/vivado/fisr_v5/fisr_v5.srcs/sources_1/bd/design_1/synth/design_1.vhd:1735]
INFO: [Synth 8-638] synthesizing module 'design_1_xbar_0' [C:/Users/Kamil/Desktop/fisr/vivado/fisr_v5/fisr_v5.runs/synth_1/.Xil/Vivado-56484-DESKTOP-QU5D0NH/realtime/design_1_xbar_0_stub.vhdl:51]
INFO: [Synth 8-256] done synthesizing module 'design_1_microblaze_0_axi_periph_0' (6#1) [C:/Users/Kamil/Desktop/fisr/vivado/fisr_v5/fisr_v5.srcs/sources_1/bd/design_1/synth/design_1.vhd:1203]
INFO: [Synth 8-638] synthesizing module 'microblaze_0_local_memory_imp_1K0VQXK' [C:/Users/Kamil/Desktop/fisr/vivado/fisr_v5/fisr_v5.srcs/sources_1/bd/design_1/synth/design_1.vhd:454]
INFO: [Synth 8-3491] module 'design_1_dlmb_bram_if_cntlr_0' declared at 'C:/Users/Kamil/Desktop/fisr/vivado/fisr_v5/fisr_v5.runs/synth_1/.Xil/Vivado-56484-DESKTOP-QU5D0NH/realtime/design_1_dlmb_bram_if_cntlr_0_stub.vhdl:5' bound to instance 'dlmb_bram_if_cntlr' of component 'design_1_dlmb_bram_if_cntlr_0' [C:/Users/Kamil/Desktop/fisr/vivado/fisr_v5/fisr_v5.srcs/sources_1/bd/design_1/synth/design_1.vhd:668]
INFO: [Synth 8-638] synthesizing module 'design_1_dlmb_bram_if_cntlr_0' [C:/Users/Kamil/Desktop/fisr/vivado/fisr_v5/fisr_v5.runs/synth_1/.Xil/Vivado-56484-DESKTOP-QU5D0NH/realtime/design_1_dlmb_bram_if_cntlr_0_stub.vhdl:31]
INFO: [Synth 8-3491] module 'design_1_dlmb_v10_0' declared at 'C:/Users/Kamil/Desktop/fisr/vivado/fisr_v5/fisr_v5.runs/synth_1/.Xil/Vivado-56484-DESKTOP-QU5D0NH/realtime/design_1_dlmb_v10_0_stub.vhdl:5' bound to instance 'dlmb_v10' of component 'design_1_dlmb_v10_0' [C:/Users/Kamil/Desktop/fisr/vivado/fisr_v5/fisr_v5.srcs/sources_1/bd/design_1/synth/design_1.vhd:722]
INFO: [Synth 8-638] synthesizing module 'design_1_dlmb_v10_0' [C:/Users/Kamil/Desktop/fisr/vivado/fisr_v5/fisr_v5.runs/synth_1/.Xil/Vivado-56484-DESKTOP-QU5D0NH/realtime/design_1_dlmb_v10_0_stub.vhdl:36]
INFO: [Synth 8-3491] module 'design_1_ilmb_bram_if_cntlr_0' declared at 'C:/Users/Kamil/Desktop/fisr/vivado/fisr_v5/fisr_v5.runs/synth_1/.Xil/Vivado-56484-DESKTOP-QU5D0NH/realtime/design_1_ilmb_bram_if_cntlr_0_stub.vhdl:5' bound to instance 'ilmb_bram_if_cntlr' of component 'design_1_ilmb_bram_if_cntlr_0' [C:/Users/Kamil/Desktop/fisr/vivado/fisr_v5/fisr_v5.srcs/sources_1/bd/design_1/synth/design_1.vhd:750]
INFO: [Synth 8-638] synthesizing module 'design_1_ilmb_bram_if_cntlr_0' [C:/Users/Kamil/Desktop/fisr/vivado/fisr_v5/fisr_v5.runs/synth_1/.Xil/Vivado-56484-DESKTOP-QU5D0NH/realtime/design_1_ilmb_bram_if_cntlr_0_stub.vhdl:31]
INFO: [Synth 8-3491] module 'design_1_ilmb_v10_0' declared at 'C:/Users/Kamil/Desktop/fisr/vivado/fisr_v5/fisr_v5.runs/synth_1/.Xil/Vivado-56484-DESKTOP-QU5D0NH/realtime/design_1_ilmb_v10_0_stub.vhdl:5' bound to instance 'ilmb_v10' of component 'design_1_ilmb_v10_0' [C:/Users/Kamil/Desktop/fisr/vivado/fisr_v5/fisr_v5.srcs/sources_1/bd/design_1/synth/design_1.vhd:804]
INFO: [Synth 8-638] synthesizing module 'design_1_ilmb_v10_0' [C:/Users/Kamil/Desktop/fisr/vivado/fisr_v5/fisr_v5.runs/synth_1/.Xil/Vivado-56484-DESKTOP-QU5D0NH/realtime/design_1_ilmb_v10_0_stub.vhdl:36]
INFO: [Synth 8-3491] module 'design_1_lmb_bram_0' declared at 'C:/Users/Kamil/Desktop/fisr/vivado/fisr_v5/fisr_v5.runs/synth_1/.Xil/Vivado-56484-DESKTOP-QU5D0NH/realtime/design_1_lmb_bram_0_stub.vhdl:5' bound to instance 'lmb_bram' of component 'design_1_lmb_bram_0' [C:/Users/Kamil/Desktop/fisr/vivado/fisr_v5/fisr_v5.srcs/sources_1/bd/design_1/synth/design_1.vhd:832]
INFO: [Synth 8-638] synthesizing module 'design_1_lmb_bram_0' [C:/Users/Kamil/Desktop/fisr/vivado/fisr_v5/fisr_v5.runs/synth_1/.Xil/Vivado-56484-DESKTOP-QU5D0NH/realtime/design_1_lmb_bram_0_stub.vhdl:27]
INFO: [Synth 8-256] done synthesizing module 'microblaze_0_local_memory_imp_1K0VQXK' (7#1) [C:/Users/Kamil/Desktop/fisr/vivado/fisr_v5/fisr_v5.srcs/sources_1/bd/design_1/synth/design_1.vhd:454]
INFO: [Synth 8-3491] module 'design_1_microblaze_0_xlconcat_0' declared at 'c:/Users/Kamil/Desktop/fisr/vivado/fisr_v5/fisr_v5.srcs/sources_1/bd/design_1/ip/design_1_microblaze_0_xlconcat_0/synth/design_1_microblaze_0_xlconcat_0.v:58' bound to instance 'microblaze_0_xlconcat' of component 'design_1_microblaze_0_xlconcat_0' [C:/Users/Kamil/Desktop/fisr/vivado/fisr_v5/fisr_v5.srcs/sources_1/bd/design_1/synth/design_1.vhd:2596]
INFO: [Synth 8-6157] synthesizing module 'design_1_microblaze_0_xlconcat_0' [c:/Users/Kamil/Desktop/fisr/vivado/fisr_v5/fisr_v5.srcs/sources_1/bd/design_1/ip/design_1_microblaze_0_xlconcat_0/synth/design_1_microblaze_0_xlconcat_0.v:58]
INFO: [Synth 8-6157] synthesizing module 'xlconcat_v2_1_3_xlconcat' [c:/Users/Kamil/Desktop/fisr/vivado/fisr_v5/fisr_v5.srcs/sources_1/bd/design_1/ipshared/442e/hdl/xlconcat_v2_1_vl_rfs.v:14]
	Parameter IN0_WIDTH bound to: 1 - type: integer 
	Parameter IN1_WIDTH bound to: 1 - type: integer 
	Parameter IN2_WIDTH bound to: 1 - type: integer 
	Parameter IN3_WIDTH bound to: 1 - type: integer 
	Parameter IN4_WIDTH bound to: 1 - type: integer 
	Parameter IN5_WIDTH bound to: 1 - type: integer 
	Parameter IN6_WIDTH bound to: 1 - type: integer 
	Parameter IN7_WIDTH bound to: 1 - type: integer 
	Parameter IN8_WIDTH bound to: 1 - type: integer 
	Parameter IN9_WIDTH bound to: 1 - type: integer 
	Parameter IN10_WIDTH bound to: 1 - type: integer 
	Parameter IN11_WIDTH bound to: 1 - type: integer 
	Parameter IN12_WIDTH bound to: 1 - type: integer 
	Parameter IN13_WIDTH bound to: 1 - type: integer 
	Parameter IN14_WIDTH bound to: 1 - type: integer 
	Parameter IN15_WIDTH bound to: 1 - type: integer 
	Parameter IN16_WIDTH bound to: 1 - type: integer 
	Parameter IN17_WIDTH bound to: 1 - type: integer 
	Parameter IN18_WIDTH bound to: 1 - type: integer 
	Parameter IN19_WIDTH bound to: 1 - type: integer 
	Parameter IN20_WIDTH bound to: 1 - type: integer 
	Parameter IN21_WIDTH bound to: 1 - type: integer 
	Parameter IN22_WIDTH bound to: 1 - type: integer 
	Parameter IN23_WIDTH bound to: 1 - type: integer 
	Parameter IN24_WIDTH bound to: 1 - type: integer 
	Parameter IN25_WIDTH bound to: 1 - type: integer 
	Parameter IN26_WIDTH bound to: 1 - type: integer 
	Parameter IN27_WIDTH bound to: 1 - type: integer 
	Parameter IN28_WIDTH bound to: 1 - type: integer 
	Parameter IN29_WIDTH bound to: 1 - type: integer 
	Parameter IN30_WIDTH bound to: 1 - type: integer 
	Parameter IN31_WIDTH bound to: 1 - type: integer 
	Parameter dout_width bound to: 2 - type: integer 
	Parameter NUM_PORTS bound to: 2 - type: integer 
INFO: [Synth 8-6155] done synthesizing module 'xlconcat_v2_1_3_xlconcat' (8#1) [c:/Users/Kamil/Desktop/fisr/vivado/fisr_v5/fisr_v5.srcs/sources_1/bd/design_1/ipshared/442e/hdl/xlconcat_v2_1_vl_rfs.v:14]
INFO: [Synth 8-6155] done synthesizing module 'design_1_microblaze_0_xlconcat_0' (9#1) [c:/Users/Kamil/Desktop/fisr/vivado/fisr_v5/fisr_v5.srcs/sources_1/bd/design_1/ip/design_1_microblaze_0_xlconcat_0/synth/design_1_microblaze_0_xlconcat_0.v:58]
INFO: [Synth 8-3491] module 'design_1_reset_inverter_0_0' declared at 'C:/Users/Kamil/Desktop/fisr/vivado/fisr_v5/fisr_v5.runs/synth_1/.Xil/Vivado-56484-DESKTOP-QU5D0NH/realtime/design_1_reset_inverter_0_0_stub.vhdl:5' bound to instance 'reset_inverter_0' of component 'design_1_reset_inverter_0_0' [C:/Users/Kamil/Desktop/fisr/vivado/fisr_v5/fisr_v5.srcs/sources_1/bd/design_1/synth/design_1.vhd:2602]
INFO: [Synth 8-638] synthesizing module 'design_1_reset_inverter_0_0' [C:/Users/Kamil/Desktop/fisr/vivado/fisr_v5/fisr_v5.runs/synth_1/.Xil/Vivado-56484-DESKTOP-QU5D0NH/realtime/design_1_reset_inverter_0_0_stub.vhdl:13]
INFO: [Synth 8-3491] module 'design_1_rst_clk_wiz_1_100M_0' declared at 'C:/Users/Kamil/Desktop/fisr/vivado/fisr_v5/fisr_v5.runs/synth_1/.Xil/Vivado-56484-DESKTOP-QU5D0NH/realtime/design_1_rst_clk_wiz_1_100M_0_stub.vhdl:5' bound to instance 'rst_clk_wiz_1_100M' of component 'design_1_rst_clk_wiz_1_100M_0' [C:/Users/Kamil/Desktop/fisr/vivado/fisr_v5/fisr_v5.srcs/sources_1/bd/design_1/synth/design_1.vhd:2607]
INFO: [Synth 8-638] synthesizing module 'design_1_rst_clk_wiz_1_100M_0' [C:/Users/Kamil/Desktop/fisr/vivado/fisr_v5/fisr_v5.runs/synth_1/.Xil/Vivado-56484-DESKTOP-QU5D0NH/realtime/design_1_rst_clk_wiz_1_100M_0_stub.vhdl:21]
INFO: [Synth 8-256] done synthesizing module 'design_1' (10#1) [C:/Users/Kamil/Desktop/fisr/vivado/fisr_v5/fisr_v5.srcs/sources_1/bd/design_1/synth/design_1.vhd:1851]
INFO: [Synth 8-256] done synthesizing module 'design_1_wrapper' (11#1) [C:/Users/Kamil/Desktop/fisr/vivado/fisr_v5/fisr_v5.srcs/sources_1/bd/design_1/hdl/design_1_wrapper.vhd:25]
WARNING: [Synth 8-3331] design xlconcat_v2_1_3_xlconcat has unconnected port In2[0]
WARNING: [Synth 8-3331] design xlconcat_v2_1_3_xlconcat has unconnected port In3[0]
WARNING: [Synth 8-3331] design xlconcat_v2_1_3_xlconcat has unconnected port In4[0]
WARNING: [Synth 8-3331] design xlconcat_v2_1_3_xlconcat has unconnected port In5[0]
WARNING: [Synth 8-3331] design xlconcat_v2_1_3_xlconcat has unconnected port In6[0]
WARNING: [Synth 8-3331] design xlconcat_v2_1_3_xlconcat has unconnected port In7[0]
WARNING: [Synth 8-3331] design xlconcat_v2_1_3_xlconcat has unconnected port In8[0]
WARNING: [Synth 8-3331] design xlconcat_v2_1_3_xlconcat has unconnected port In9[0]
WARNING: [Synth 8-3331] design xlconcat_v2_1_3_xlconcat has unconnected port In10[0]
WARNING: [Synth 8-3331] design xlconcat_v2_1_3_xlconcat has unconnected port In11[0]
WARNING: [Synth 8-3331] design xlconcat_v2_1_3_xlconcat has unconnected port In12[0]
WARNING: [Synth 8-3331] design xlconcat_v2_1_3_xlconcat has unconnected port In13[0]
WARNING: [Synth 8-3331] design xlconcat_v2_1_3_xlconcat has unconnected port In14[0]
WARNING: [Synth 8-3331] design xlconcat_v2_1_3_xlconcat has unconnected port In15[0]
WARNING: [Synth 8-3331] design xlconcat_v2_1_3_xlconcat has unconnected port In16[0]
WARNING: [Synth 8-3331] design xlconcat_v2_1_3_xlconcat has unconnected port In17[0]
WARNING: [Synth 8-3331] design xlconcat_v2_1_3_xlconcat has unconnected port In18[0]
WARNING: [Synth 8-3331] design xlconcat_v2_1_3_xlconcat has unconnected port In19[0]
WARNING: [Synth 8-3331] design xlconcat_v2_1_3_xlconcat has unconnected port In20[0]
WARNING: [Synth 8-3331] design xlconcat_v2_1_3_xlconcat has unconnected port In21[0]
WARNING: [Synth 8-3331] design xlconcat_v2_1_3_xlconcat has unconnected port In22[0]
WARNING: [Synth 8-3331] design xlconcat_v2_1_3_xlconcat has unconnected port In23[0]
WARNING: [Synth 8-3331] design xlconcat_v2_1_3_xlconcat has unconnected port In24[0]
WARNING: [Synth 8-3331] design xlconcat_v2_1_3_xlconcat has unconnected port In25[0]
WARNING: [Synth 8-3331] design xlconcat_v2_1_3_xlconcat has unconnected port In26[0]
WARNING: [Synth 8-3331] design xlconcat_v2_1_3_xlconcat has unconnected port In27[0]
WARNING: [Synth 8-3331] design xlconcat_v2_1_3_xlconcat has unconnected port In28[0]
WARNING: [Synth 8-3331] design xlconcat_v2_1_3_xlconcat has unconnected port In29[0]
WARNING: [Synth 8-3331] design xlconcat_v2_1_3_xlconcat has unconnected port In30[0]
WARNING: [Synth 8-3331] design xlconcat_v2_1_3_xlconcat has unconnected port In31[0]
WARNING: [Synth 8-3331] design s00_couplers_imp_1RZP34U has unconnected port M_ACLK
WARNING: [Synth 8-3331] design s00_couplers_imp_1RZP34U has unconnected port M_ARESETN
WARNING: [Synth 8-3331] design s00_couplers_imp_1RZP34U has unconnected port S_ACLK
WARNING: [Synth 8-3331] design s00_couplers_imp_1RZP34U has unconnected port S_ARESETN
WARNING: [Synth 8-3331] design m03_couplers_imp_1W07O72 has unconnected port M_ACLK
WARNING: [Synth 8-3331] design m03_couplers_imp_1W07O72 has unconnected port M_ARESETN
WARNING: [Synth 8-3331] design m03_couplers_imp_1W07O72 has unconnected port S_ACLK
WARNING: [Synth 8-3331] design m03_couplers_imp_1W07O72 has unconnected port S_ARESETN
WARNING: [Synth 8-3331] design m02_couplers_imp_7ANRHB has unconnected port M_ACLK
WARNING: [Synth 8-3331] design m02_couplers_imp_7ANRHB has unconnected port M_ARESETN
WARNING: [Synth 8-3331] design m02_couplers_imp_7ANRHB has unconnected port S_ACLK
WARNING: [Synth 8-3331] design m02_couplers_imp_7ANRHB has unconnected port S_ARESETN
WARNING: [Synth 8-3331] design m01_couplers_imp_1UTB3Y5 has unconnected port M_ACLK
WARNING: [Synth 8-3331] design m01_couplers_imp_1UTB3Y5 has unconnected port M_ARESETN
WARNING: [Synth 8-3331] design m01_couplers_imp_1UTB3Y5 has unconnected port S_ACLK
WARNING: [Synth 8-3331] design m01_couplers_imp_1UTB3Y5 has unconnected port S_ARESETN
WARNING: [Synth 8-3331] design m00_couplers_imp_8RVYHO has unconnected port M_ACLK
WARNING: [Synth 8-3331] design m00_couplers_imp_8RVYHO has unconnected port M_ARESETN
WARNING: [Synth 8-3331] design m00_couplers_imp_8RVYHO has unconnected port S_ACLK
WARNING: [Synth 8-3331] design m00_couplers_imp_8RVYHO has unconnected port S_ARESETN
WARNING: [Synth 8-3331] design design_1_microblaze_0_axi_periph_0 has unconnected port M00_ACLK
WARNING: [Synth 8-3331] design design_1_microblaze_0_axi_periph_0 has unconnected port M00_ARESETN
WARNING: [Synth 8-3331] design design_1_microblaze_0_axi_periph_0 has unconnected port M01_ACLK
WARNING: [Synth 8-3331] design design_1_microblaze_0_axi_periph_0 has unconnected port M01_ARESETN
WARNING: [Synth 8-3331] design design_1_microblaze_0_axi_periph_0 has unconnected port M02_ACLK
WARNING: [Synth 8-3331] design design_1_microblaze_0_axi_periph_0 has unconnected port M02_ARESETN
WARNING: [Synth 8-3331] design design_1_microblaze_0_axi_periph_0 has unconnected port M03_ACLK
WARNING: [Synth 8-3331] design design_1_microblaze_0_axi_periph_0 has unconnected port M03_ARESETN
WARNING: [Synth 8-3331] design design_1_microblaze_0_axi_periph_0 has unconnected port S00_ACLK
WARNING: [Synth 8-3331] design design_1_microblaze_0_axi_periph_0 has unconnected port S00_ARESETN
---------------------------------------------------------------------------------
Finished RTL Elaboration : Time (s): cpu = 00:00:04 ; elapsed = 00:00:04 . Memory (MB): peak = 833.625 ; gain = 248.066
---------------------------------------------------------------------------------

Report Check Netlist: 
+------+------------------+-------+---------+-------+------------------+
|      |Item              |Errors |Warnings |Status |Description       |
+------+------------------+-------+---------+-------+------------------+
|1     |multi_driven_nets |      0|        0|Passed |Multi driven nets |
+------+------------------+-------+---------+-------+------------------+
---------------------------------------------------------------------------------
Start Handling Custom Attributes
---------------------------------------------------------------------------------
---------------------------------------------------------------------------------
Finished Handling Custom Attributes : Time (s): cpu = 00:00:04 ; elapsed = 00:00:04 . Memory (MB): peak = 833.625 ; gain = 248.066
---------------------------------------------------------------------------------
---------------------------------------------------------------------------------
Finished RTL Optimization Phase 1 : Time (s): cpu = 00:00:04 ; elapsed = 00:00:04 . Memory (MB): peak = 833.625 ; gain = 248.066
---------------------------------------------------------------------------------
INFO: [Project 1-570] Preparing netlist for logic optimization

Processing XDC Constraints
Initializing timing engine
Parsing XDC File [c:/Users/Kamil/Desktop/fisr/vivado/fisr_v5/fisr_v5.srcs/sources_1/bd/design_1/ip/design_1_axi_gpio_0_0/design_1_axi_gpio_0_0/design_1_axi_gpio_0_0_in_context.xdc] for cell 'design_1_i/axi_gpio_0'
Finished Parsing XDC File [c:/Users/Kamil/Desktop/fisr/vivado/fisr_v5/fisr_v5.srcs/sources_1/bd/design_1/ip/design_1_axi_gpio_0_0/design_1_axi_gpio_0_0/design_1_axi_gpio_0_0_in_context.xdc] for cell 'design_1_i/axi_gpio_0'
Parsing XDC File [c:/Users/Kamil/Desktop/fisr/vivado/fisr_v5/fisr_v5.srcs/sources_1/bd/design_1/ip/design_1_microblaze_0_0/design_1_microblaze_0_0/design_1_microblaze_0_0_in_context.xdc] for cell 'design_1_i/microblaze_0'
Finished Parsing XDC File [c:/Users/Kamil/Desktop/fisr/vivado/fisr_v5/fisr_v5.srcs/sources_1/bd/design_1/ip/design_1_microblaze_0_0/design_1_microblaze_0_0/design_1_microblaze_0_0_in_context.xdc] for cell 'design_1_i/microblaze_0'
Parsing XDC File [c:/Users/Kamil/Desktop/fisr/vivado/fisr_v5/fisr_v5.srcs/sources_1/bd/design_1/ip/design_1_axi_uartlite_0_0/design_1_axi_uartlite_0_0/design_1_axi_uartlite_0_0_in_context.xdc] for cell 'design_1_i/axi_uartlite_0'
Finished Parsing XDC File [c:/Users/Kamil/Desktop/fisr/vivado/fisr_v5/fisr_v5.srcs/sources_1/bd/design_1/ip/design_1_axi_uartlite_0_0/design_1_axi_uartlite_0_0/design_1_axi_uartlite_0_0_in_context.xdc] for cell 'design_1_i/axi_uartlite_0'
Parsing XDC File [c:/Users/Kamil/Desktop/fisr/vivado/fisr_v5/fisr_v5.srcs/sources_1/bd/design_1/ip/design_1_fisr_0_0/design_1_fisr_0_0/design_1_fisr_0_0_in_context.xdc] for cell 'design_1_i/fisr_0'
Finished Parsing XDC File [c:/Users/Kamil/Desktop/fisr/vivado/fisr_v5/fisr_v5.srcs/sources_1/bd/design_1/ip/design_1_fisr_0_0/design_1_fisr_0_0/design_1_fisr_0_0_in_context.xdc] for cell 'design_1_i/fisr_0'
Parsing XDC File [c:/Users/Kamil/Desktop/fisr/vivado/fisr_v5/fisr_v5.srcs/sources_1/bd/design_1/ip/design_1_fisr_controller_v2_0_0/design_1_fisr_controller_v2_0_0/design_1_fisr_controller_v2_0_0_in_context.xdc] for cell 'design_1_i/fisr_controller_v2_0'
Finished Parsing XDC File [c:/Users/Kamil/Desktop/fisr/vivado/fisr_v5/fisr_v5.srcs/sources_1/bd/design_1/ip/design_1_fisr_controller_v2_0_0/design_1_fisr_controller_v2_0_0/design_1_fisr_controller_v2_0_0_in_context.xdc] for cell 'design_1_i/fisr_controller_v2_0'
Parsing XDC File [c:/Users/Kamil/Desktop/fisr/vivado/fisr_v5/fisr_v5.srcs/sources_1/bd/design_1/ip/design_1_dlmb_v10_0/design_1_dlmb_v10_0/design_1_dlmb_v10_0_in_context.xdc] for cell 'design_1_i/microblaze_0_local_memory/dlmb_v10'
Finished Parsing XDC File [c:/Users/Kamil/Desktop/fisr/vivado/fisr_v5/fisr_v5.srcs/sources_1/bd/design_1/ip/design_1_dlmb_v10_0/design_1_dlmb_v10_0/design_1_dlmb_v10_0_in_context.xdc] for cell 'design_1_i/microblaze_0_local_memory/dlmb_v10'
Parsing XDC File [c:/Users/Kamil/Desktop/fisr/vivado/fisr_v5/fisr_v5.srcs/sources_1/bd/design_1/ip/design_1_ilmb_v10_0/design_1_ilmb_v10_0/design_1_dlmb_v10_0_in_context.xdc] for cell 'design_1_i/microblaze_0_local_memory/ilmb_v10'
Finished Parsing XDC File [c:/Users/Kamil/Desktop/fisr/vivado/fisr_v5/fisr_v5.srcs/sources_1/bd/design_1/ip/design_1_ilmb_v10_0/design_1_ilmb_v10_0/design_1_dlmb_v10_0_in_context.xdc] for cell 'design_1_i/microblaze_0_local_memory/ilmb_v10'
Parsing XDC File [c:/Users/Kamil/Desktop/fisr/vivado/fisr_v5/fisr_v5.srcs/sources_1/bd/design_1/ip/design_1_dlmb_bram_if_cntlr_0/design_1_dlmb_bram_if_cntlr_0/design_1_dlmb_bram_if_cntlr_0_in_context.xdc] for cell 'design_1_i/microblaze_0_local_memory/dlmb_bram_if_cntlr'
Finished Parsing XDC File [c:/Users/Kamil/Desktop/fisr/vivado/fisr_v5/fisr_v5.srcs/sources_1/bd/design_1/ip/design_1_dlmb_bram_if_cntlr_0/design_1_dlmb_bram_if_cntlr_0/design_1_dlmb_bram_if_cntlr_0_in_context.xdc] for cell 'design_1_i/microblaze_0_local_memory/dlmb_bram_if_cntlr'
Parsing XDC File [c:/Users/Kamil/Desktop/fisr/vivado/fisr_v5/fisr_v5.srcs/sources_1/bd/design_1/ip/design_1_ilmb_bram_if_cntlr_0/design_1_ilmb_bram_if_cntlr_0/design_1_ilmb_bram_if_cntlr_0_in_context.xdc] for cell 'design_1_i/microblaze_0_local_memory/ilmb_bram_if_cntlr'
Finished Parsing XDC File [c:/Users/Kamil/Desktop/fisr/vivado/fisr_v5/fisr_v5.srcs/sources_1/bd/design_1/ip/design_1_ilmb_bram_if_cntlr_0/design_1_ilmb_bram_if_cntlr_0/design_1_ilmb_bram_if_cntlr_0_in_context.xdc] for cell 'design_1_i/microblaze_0_local_memory/ilmb_bram_if_cntlr'
Parsing XDC File [c:/Users/Kamil/Desktop/fisr/vivado/fisr_v5/fisr_v5.srcs/sources_1/bd/design_1/ip/design_1_lmb_bram_0/design_1_lmb_bram_0/design_1_lmb_bram_0_in_context.xdc] for cell 'design_1_i/microblaze_0_local_memory/lmb_bram'
Finished Parsing XDC File [c:/Users/Kamil/Desktop/fisr/vivado/fisr_v5/fisr_v5.srcs/sources_1/bd/design_1/ip/design_1_lmb_bram_0/design_1_lmb_bram_0/design_1_lmb_bram_0_in_context.xdc] for cell 'design_1_i/microblaze_0_local_memory/lmb_bram'
Parsing XDC File [c:/Users/Kamil/Desktop/fisr/vivado/fisr_v5/fisr_v5.srcs/sources_1/bd/design_1/ip/design_1_xbar_0/design_1_xbar_0/design_1_xbar_0_in_context.xdc] for cell 'design_1_i/microblaze_0_axi_periph/xbar'
Finished Parsing XDC File [c:/Users/Kamil/Desktop/fisr/vivado/fisr_v5/fisr_v5.srcs/sources_1/bd/design_1/ip/design_1_xbar_0/design_1_xbar_0/design_1_xbar_0_in_context.xdc] for cell 'design_1_i/microblaze_0_axi_periph/xbar'
Parsing XDC File [c:/Users/Kamil/Desktop/fisr/vivado/fisr_v5/fisr_v5.srcs/sources_1/bd/design_1/ip/design_1_microblaze_0_axi_intc_0/design_1_microblaze_0_axi_intc_0/design_1_microblaze_0_axi_intc_0_in_context.xdc] for cell 'design_1_i/microblaze_0_axi_intc'
Finished Parsing XDC File [c:/Users/Kamil/Desktop/fisr/vivado/fisr_v5/fisr_v5.srcs/sources_1/bd/design_1/ip/design_1_microblaze_0_axi_intc_0/design_1_microblaze_0_axi_intc_0/design_1_microblaze_0_axi_intc_0_in_context.xdc] for cell 'design_1_i/microblaze_0_axi_intc'
Parsing XDC File [c:/Users/Kamil/Desktop/fisr/vivado/fisr_v5/fisr_v5.srcs/sources_1/bd/design_1/ip/design_1_mdm_1_0/design_1_mdm_1_0/design_1_mdm_1_0_in_context.xdc] for cell 'design_1_i/mdm_1'
Finished Parsing XDC File [c:/Users/Kamil/Desktop/fisr/vivado/fisr_v5/fisr_v5.srcs/sources_1/bd/design_1/ip/design_1_mdm_1_0/design_1_mdm_1_0/design_1_mdm_1_0_in_context.xdc] for cell 'design_1_i/mdm_1'
Parsing XDC File [c:/Users/Kamil/Desktop/fisr/vivado/fisr_v5/fisr_v5.srcs/sources_1/bd/design_1/ip/design_1_clk_wiz_1_0/design_1_clk_wiz_1_0/design_1_clk_wiz_1_0_in_context.xdc] for cell 'design_1_i/clk_wiz_1'
Finished Parsing XDC File [c:/Users/Kamil/Desktop/fisr/vivado/fisr_v5/fisr_v5.srcs/sources_1/bd/design_1/ip/design_1_clk_wiz_1_0/design_1_clk_wiz_1_0/design_1_clk_wiz_1_0_in_context.xdc] for cell 'design_1_i/clk_wiz_1'
Parsing XDC File [c:/Users/Kamil/Desktop/fisr/vivado/fisr_v5/fisr_v5.srcs/sources_1/bd/design_1/ip/design_1_rst_clk_wiz_1_100M_0/design_1_rst_clk_wiz_1_100M_0/design_1_rst_clk_wiz_1_100M_0_in_context.xdc] for cell 'design_1_i/rst_clk_wiz_1_100M'
Finished Parsing XDC File [c:/Users/Kamil/Desktop/fisr/vivado/fisr_v5/fisr_v5.srcs/sources_1/bd/design_1/ip/design_1_rst_clk_wiz_1_100M_0/design_1_rst_clk_wiz_1_100M_0/design_1_rst_clk_wiz_1_100M_0_in_context.xdc] for cell 'design_1_i/rst_clk_wiz_1_100M'
Parsing XDC File [c:/Users/Kamil/Desktop/fisr/vivado/fisr_v5/fisr_v5.srcs/sources_1/bd/design_1/ip/design_1_reset_inverter_0_0/design_1_reset_inverter_0_0/design_1_reset_inverter_0_0_in_context.xdc] for cell 'design_1_i/reset_inverter_0'
Finished Parsing XDC File [c:/Users/Kamil/Desktop/fisr/vivado/fisr_v5/fisr_v5.srcs/sources_1/bd/design_1/ip/design_1_reset_inverter_0_0/design_1_reset_inverter_0_0/design_1_reset_inverter_0_0_in_context.xdc] for cell 'design_1_i/reset_inverter_0'
Parsing XDC File [C:/Users/Kamil/Desktop/fisr/vivado/fisr_v5/fisr_v5.runs/synth_1/dont_touch.xdc]
Finished Parsing XDC File [C:/Users/Kamil/Desktop/fisr/vivado/fisr_v5/fisr_v5.runs/synth_1/dont_touch.xdc]
Completed Processing XDC Constraints

Netlist sorting complete. Time (s): cpu = 00:00:00 ; elapsed = 00:00:00 . Memory (MB): peak = 923.805 ; gain = 0.000
INFO: [Project 1-111] Unisim Transformation Summary:
No Unisim elements were transformed.

Constraint Validation Runtime : Time (s): cpu = 00:00:00 ; elapsed = 00:00:00.030 . Memory (MB): peak = 923.805 ; gain = 0.000
WARNING: [Timing 38-316] Clock period '20.000' specified during out-of-context synthesis of instance 'design_1_i/microblaze_0_local_memory/lmb_bram' at clock pin 'clka' is different from the actual clock period '10.000', this can lead to different synthesis results.
---------------------------------------------------------------------------------
Finished Constraint Validation : Time (s): cpu = 00:00:09 ; elapsed = 00:00:09 . Memory (MB): peak = 935.254 ; gain = 349.695
---------------------------------------------------------------------------------
---------------------------------------------------------------------------------
Start Loading Part and Timing Information
---------------------------------------------------------------------------------
Loading part: xc7z020clg484-1
---------------------------------------------------------------------------------
Finished Loading Part and Timing Information : Time (s): cpu = 00:00:09 ; elapsed = 00:00:09 . Memory (MB): peak = 935.254 ; gain = 349.695
---------------------------------------------------------------------------------
---------------------------------------------------------------------------------
Start Applying 'set_property' XDC Constraints
---------------------------------------------------------------------------------
Applied set_property IO_BUFFER_TYPE = NONE for sys_clock. (constraint file  c:/Users/Kamil/Desktop/fisr/vivado/fisr_v5/fisr_v5.srcs/sources_1/bd/design_1/ip/design_1_clk_wiz_1_0/design_1_clk_wiz_1_0/design_1_clk_wiz_1_0_in_context.xdc, line 3).
Applied set_property CLOCK_BUFFER_TYPE = NONE for sys_clock. (constraint file  c:/Users/Kamil/Desktop/fisr/vivado/fisr_v5/fisr_v5.srcs/sources_1/bd/design_1/ip/design_1_clk_wiz_1_0/design_1_clk_wiz_1_0/design_1_clk_wiz_1_0_in_context.xdc, line 4).
Applied set_property DONT_TOUCH = true for design_1_i. (constraint file  auto generated constraint, line ).
Applied set_property DONT_TOUCH = true for design_1_i/axi_gpio_0. (constraint file  auto generated constraint, line ).
Applied set_property DONT_TOUCH = true for design_1_i/microblaze_0. (constraint file  auto generated constraint, line ).
Applied set_property DONT_TOUCH = true for design_1_i/axi_uartlite_0. (constraint file  auto generated constraint, line ).
Applied set_property DONT_TOUCH = true for design_1_i/fisr_0. (constraint file  auto generated constraint, line ).
Applied set_property DONT_TOUCH = true for design_1_i/fisr_controller_v2_0. (constraint file  auto generated constraint, line ).
Applied set_property DONT_TOUCH = true for design_1_i/microblaze_0_local_memory/dlmb_v10. (constraint file  auto generated constraint, line ).
Applied set_property DONT_TOUCH = true for design_1_i/microblaze_0_local_memory/ilmb_v10. (constraint file  auto generated constraint, line ).
Applied set_property DONT_TOUCH = true for design_1_i/microblaze_0_local_memory/dlmb_bram_if_cntlr. (constraint file  auto generated constraint, line ).
Applied set_property DONT_TOUCH = true for design_1_i/microblaze_0_local_memory/ilmb_bram_if_cntlr. (constraint file  auto generated constraint, line ).
Applied set_property DONT_TOUCH = true for design_1_i/microblaze_0_local_memory/lmb_bram. (constraint file  auto generated constraint, line ).
Applied set_property DONT_TOUCH = true for design_1_i/microblaze_0_axi_periph/xbar. (constraint file  auto generated constraint, line ).
Applied set_property DONT_TOUCH = true for design_1_i/microblaze_0_axi_periph. (constraint file  auto generated constraint, line ).
Applied set_property DONT_TOUCH = true for design_1_i/microblaze_0_axi_intc. (constraint file  auto generated constraint, line ).
Applied set_property DONT_TOUCH = true for design_1_i/microblaze_0_xlconcat. (constraint file  auto generated constraint, line ).
Applied set_property DONT_TOUCH = true for design_1_i/mdm_1. (constraint file  auto generated constraint, line ).
Applied set_property DONT_TOUCH = true for design_1_i/clk_wiz_1. (constraint file  auto generated constraint, line ).
Applied set_property DONT_TOUCH = true for design_1_i/rst_clk_wiz_1_100M. (constraint file  auto generated constraint, line ).
Applied set_property DONT_TOUCH = true for design_1_i/reset_inverter_0. (constraint file  auto generated constraint, line ).
---------------------------------------------------------------------------------
Finished applying 'set_property' XDC Constraints : Time (s): cpu = 00:00:09 ; elapsed = 00:00:09 . Memory (MB): peak = 935.254 ; gain = 349.695
---------------------------------------------------------------------------------
---------------------------------------------------------------------------------
Finished RTL Optimization Phase 2 : Time (s): cpu = 00:00:09 ; elapsed = 00:00:09 . Memory (MB): peak = 935.254 ; gain = 349.695
---------------------------------------------------------------------------------

Report RTL Partitions: 
+-+--------------+------------+----------+
| |RTL Partition |Replication |Instances |
+-+--------------+------------+----------+
+-+--------------+------------+----------+
---------------------------------------------------------------------------------
Start RTL Component Statistics 
---------------------------------------------------------------------------------
Detailed RTL Component Info : 
---------------------------------------------------------------------------------
Finished RTL Component Statistics 
---------------------------------------------------------------------------------
---------------------------------------------------------------------------------
Start RTL Hierarchical Component Statistics 
---------------------------------------------------------------------------------
Hierarchical RTL Component report 
---------------------------------------------------------------------------------
Finished RTL Hierarchical Component Statistics
---------------------------------------------------------------------------------
---------------------------------------------------------------------------------
Start Part Resource Summary
---------------------------------------------------------------------------------
Part Resources:
DSPs: 220 (col length:60)
BRAMs: 280 (col length: RAMB18 60 RAMB36 30)
---------------------------------------------------------------------------------
Finished Part Resource Summary
---------------------------------------------------------------------------------
---------------------------------------------------------------------------------
Start Cross Boundary and Area Optimization
---------------------------------------------------------------------------------
Warning: Parallel synthesis criteria is not met 
WARNING: [Synth 8-3331] design design_1_microblaze_0_axi_periph_0 has unconnected port M00_ACLK
WARNING: [Synth 8-3331] design design_1_microblaze_0_axi_periph_0 has unconnected port M00_ARESETN
WARNING: [Synth 8-3331] design design_1_microblaze_0_axi_periph_0 has unconnected port M01_ACLK
WARNING: [Synth 8-3331] design design_1_microblaze_0_axi_periph_0 has unconnected port M01_ARESETN
WARNING: [Synth 8-3331] design design_1_microblaze_0_axi_periph_0 has unconnected port M02_ACLK
WARNING: [Synth 8-3331] design design_1_microblaze_0_axi_periph_0 has unconnected port M02_ARESETN
WARNING: [Synth 8-3331] design design_1_microblaze_0_axi_periph_0 has unconnected port M03_ACLK
WARNING: [Synth 8-3331] design design_1_microblaze_0_axi_periph_0 has unconnected port M03_ARESETN
WARNING: [Synth 8-3331] design design_1_microblaze_0_axi_periph_0 has unconnected port S00_ACLK
WARNING: [Synth 8-3331] design design_1_microblaze_0_axi_periph_0 has unconnected port S00_ARESETN
---------------------------------------------------------------------------------
Finished Cross Boundary and Area Optimization : Time (s): cpu = 00:00:10 ; elapsed = 00:00:10 . Memory (MB): peak = 935.254 ; gain = 349.695
---------------------------------------------------------------------------------

Report RTL Partitions: 
+-+--------------+------------+----------+
| |RTL Partition |Replication |Instances |
+-+--------------+------------+----------+
+-+--------------+------------+----------+
---------------------------------------------------------------------------------
Start Applying XDC Timing Constraints
---------------------------------------------------------------------------------
INFO: [Synth 8-5578] Moved timing constraint from pin 'design_1_i/microblaze_0_local_memory/dlmb_bram_if_cntlr/BRAM_Clk_A' to pin 'design_1_i/microblaze_0_local_memory/dlmb_bram_if_cntlr/bbstub_BRAM_Clk_A/O'
INFO: [Synth 8-5578] Moved timing constraint from pin 'design_1_i/microblaze_0_local_memory/ilmb_bram_if_cntlr/BRAM_Clk_A' to pin 'design_1_i/microblaze_0_local_memory/ilmb_bram_if_cntlr/bbstub_BRAM_Clk_A/O'
INFO: [Synth 8-5578] Moved timing constraint from pin 'design_1_i/mdm_1/Dbg_Clk_0' to pin 'design_1_i/mdm_1/bbstub_Dbg_Clk_0/O'
INFO: [Synth 8-5578] Moved timing constraint from pin 'design_1_i/mdm_1/Dbg_Update_0' to pin 'design_1_i/mdm_1/bbstub_Dbg_Update_0/O'
INFO: [Synth 8-5578] Moved timing constraint from pin 'design_1_i/clk_wiz_1/clk_out1' to pin 'design_1_i/clk_wiz_1/bbstub_clk_out1/O'
INFO: [Synth 8-5819] Moved 5 constraints on hierarchical pins to their respective driving/loading pins
---------------------------------------------------------------------------------
Finished Applying XDC Timing Constraints : Time (s): cpu = 00:00:16 ; elapsed = 00:00:16 . Memory (MB): peak = 935.254 ; gain = 349.695
---------------------------------------------------------------------------------
---------------------------------------------------------------------------------
Start Timing Optimization
---------------------------------------------------------------------------------
---------------------------------------------------------------------------------
Finished Timing Optimization : Time (s): cpu = 00:00:16 ; elapsed = 00:00:16 . Memory (MB): peak = 935.254 ; gain = 349.695
---------------------------------------------------------------------------------

Report RTL Partitions: 
+-+--------------+------------+----------+
| |RTL Partition |Replication |Instances |
+-+--------------+------------+----------+
+-+--------------+------------+----------+
---------------------------------------------------------------------------------
Start Technology Mapping
---------------------------------------------------------------------------------
---------------------------------------------------------------------------------
Finished Technology Mapping : Time (s): cpu = 00:00:16 ; elapsed = 00:00:17 . Memory (MB): peak = 935.254 ; gain = 349.695
---------------------------------------------------------------------------------

Report RTL Partitions: 
+-+--------------+------------+----------+
| |RTL Partition |Replication |Instances |
+-+--------------+------------+----------+
+-+--------------+------------+----------+
---------------------------------------------------------------------------------
Start IO Insertion
---------------------------------------------------------------------------------
---------------------------------------------------------------------------------
Start Flattening Before IO Insertion
---------------------------------------------------------------------------------
---------------------------------------------------------------------------------
Finished Flattening Before IO Insertion
---------------------------------------------------------------------------------
---------------------------------------------------------------------------------
Start Final Netlist Cleanup
---------------------------------------------------------------------------------
---------------------------------------------------------------------------------
Finished Final Netlist Cleanup
---------------------------------------------------------------------------------
---------------------------------------------------------------------------------
Finished IO Insertion : Time (s): cpu = 00:00:18 ; elapsed = 00:00:18 . Memory (MB): peak = 937.586 ; gain = 352.027
---------------------------------------------------------------------------------

Report Check Netlist: 
+------+------------------+-------+---------+-------+------------------+
|      |Item              |Errors |Warnings |Status |Description       |
+------+------------------+-------+---------+-------+------------------+
|1     |multi_driven_nets |      0|        0|Passed |Multi driven nets |
+------+------------------+-------+---------+-------+------------------+
---------------------------------------------------------------------------------
Start Renaming Generated Instances
---------------------------------------------------------------------------------
---------------------------------------------------------------------------------
Finished Renaming Generated Instances : Time (s): cpu = 00:00:18 ; elapsed = 00:00:18 . Memory (MB): peak = 937.586 ; gain = 352.027
---------------------------------------------------------------------------------

Report RTL Partitions: 
+-+--------------+------------+----------+
| |RTL Partition |Replication |Instances |
+-+--------------+------------+----------+
+-+--------------+------------+----------+
---------------------------------------------------------------------------------
Start Rebuilding User Hierarchy
---------------------------------------------------------------------------------
---------------------------------------------------------------------------------
Finished Rebuilding User Hierarchy : Time (s): cpu = 00:00:18 ; elapsed = 00:00:18 . Memory (MB): peak = 937.586 ; gain = 352.027
---------------------------------------------------------------------------------
---------------------------------------------------------------------------------
Start Renaming Generated Ports
---------------------------------------------------------------------------------
---------------------------------------------------------------------------------
Finished Renaming Generated Ports : Time (s): cpu = 00:00:18 ; elapsed = 00:00:18 . Memory (MB): peak = 937.586 ; gain = 352.027
---------------------------------------------------------------------------------
---------------------------------------------------------------------------------
Start Handling Custom Attributes
---------------------------------------------------------------------------------
---------------------------------------------------------------------------------
Finished Handling Custom Attributes : Time (s): cpu = 00:00:18 ; elapsed = 00:00:18 . Memory (MB): peak = 937.586 ; gain = 352.027
---------------------------------------------------------------------------------
---------------------------------------------------------------------------------
Start Renaming Generated Nets
---------------------------------------------------------------------------------
---------------------------------------------------------------------------------
Finished Renaming Generated Nets : Time (s): cpu = 00:00:18 ; elapsed = 00:00:18 . Memory (MB): peak = 937.586 ; gain = 352.027
---------------------------------------------------------------------------------
---------------------------------------------------------------------------------
Start Writing Synthesis Report
---------------------------------------------------------------------------------

Report BlackBoxes: 
+------+---------------------------------+----------+
|      |BlackBox name                    |Instances |
+------+---------------------------------+----------+
|1     |design_1_xbar_0                  |         1|
|2     |design_1_axi_gpio_0_0            |         1|
|3     |design_1_axi_uartlite_0_0        |         1|
|4     |design_1_clk_wiz_1_0             |         1|
|5     |design_1_fisr_0_0                |         1|
|6     |design_1_fisr_controller_v2_0_0  |         1|
|7     |design_1_mdm_1_0                 |         1|
|8     |design_1_microblaze_0_0          |         1|
|9     |design_1_microblaze_0_axi_intc_0 |         1|
|10    |design_1_reset_inverter_0_0      |         1|
|11    |design_1_rst_clk_wiz_1_100M_0    |         1|
|12    |design_1_dlmb_bram_if_cntlr_0    |         1|
|13    |design_1_dlmb_v10_0              |         1|
|14    |design_1_ilmb_bram_if_cntlr_0    |         1|
|15    |design_1_ilmb_v10_0              |         1|
|16    |design_1_lmb_bram_0              |         1|
+------+---------------------------------+----------+

Report Cell Usage: 
+------+----------------------------------------+------+
|      |Cell                                    |Count |
+------+----------------------------------------+------+
|1     |design_1_axi_gpio_0_0_bbox_0            |     1|
|2     |design_1_axi_uartlite_0_0_bbox_1        |     1|
|3     |design_1_clk_wiz_1_0_bbox_2             |     1|
|4     |design_1_dlmb_bram_if_cntlr_0_bbox_9    |     1|
|5     |design_1_dlmb_v10_0_bbox_10             |     1|
|6     |design_1_fisr_0_0_bbox_3                |     1|
|7     |design_1_fisr_controller_v2_0_0_bbox_4  |     1|
|8     |design_1_ilmb_bram_if_cntlr_0_bbox_11   |     1|
|9     |design_1_ilmb_v10_0_bbox_12             |     1|
|10    |design_1_lmb_bram_0_bbox_13             |     1|
|11    |design_1_mdm_1_0_bbox_5                 |     1|
|12    |design_1_microblaze_0_0_bbox_6          |     1|
|13    |design_1_microblaze_0_axi_intc_0_bbox_7 |     1|
|14    |design_1_reset_inverter_0_0_bbox_14     |     1|
|15    |design_1_rst_clk_wiz_1_100M_0_bbox_15   |     1|
|16    |design_1_xbar_0_bbox_8                  |     1|
|17    |IBUF                                    |     2|
|18    |OBUF                                    |    65|
+------+----------------------------------------+------+

Report Instance Areas: 
+------+------------------------------+--------------------------------------+------+
|      |Instance                      |Module                                |Cells |
+------+------------------------------+--------------------------------------+------+
|1     |top                           |                                      |  1623|
|2     |  design_1_i                  |design_1                              |  1556|
|3     |    microblaze_0_axi_periph   |design_1_microblaze_0_axi_periph_0    |   485|
|4     |    microblaze_0_xlconcat     |design_1_microblaze_0_xlconcat_0      |     0|
|5     |    microblaze_0_local_memory |microblaze_0_local_memory_imp_1K0VQXK |   496|
+------+------------------------------+--------------------------------------+------+
---------------------------------------------------------------------------------
Finished Writing Synthesis Report : Time (s): cpu = 00:00:18 ; elapsed = 00:00:18 . Memory (MB): peak = 937.586 ; gain = 352.027
---------------------------------------------------------------------------------
Synthesis finished with 0 errors, 0 critical warnings and 10 warnings.
Synthesis Optimization Runtime : Time (s): cpu = 00:00:12 ; elapsed = 00:00:16 . Memory (MB): peak = 937.586 ; gain = 250.398
Synthesis Optimization Complete : Time (s): cpu = 00:00:18 ; elapsed = 00:00:18 . Memory (MB): peak = 937.586 ; gain = 352.027
INFO: [Project 1-571] Translating synthesized netlist
INFO: [Project 1-570] Preparing netlist for logic optimization
INFO: [Opt 31-138] Pushed 0 inverter(s) to 0 load pin(s).
Netlist sorting complete. Time (s): cpu = 00:00:00 ; elapsed = 00:00:00 . Memory (MB): peak = 955.930 ; gain = 0.000
INFO: [Project 1-111] Unisim Transformation Summary:
No Unisim elements were transformed.

INFO: [Common 17-83] Releasing license: Synthesis
75 Infos, 71 Warnings, 0 Critical Warnings and 0 Errors encountered.
synth_design completed successfully
synth_design: Time (s): cpu = 00:00:23 ; elapsed = 00:00:24 . Memory (MB): peak = 955.930 ; gain = 655.152
Netlist sorting complete. Time (s): cpu = 00:00:00 ; elapsed = 00:00:00 . Memory (MB): peak = 955.930 ; gain = 0.000
WARNING: [Constraints 18-5210] No constraints selected for write.
Resolution: This message can indicate that there are no constraints for the design, or it can indicate that the used_in flags are set such that the constraints are ignored. This later case is used when running synth_design to not write synthesis constraints to the resulting checkpoint. Instead, project constraints are read when the synthesized design is opened.
INFO: [Common 17-1381] The checkpoint 'C:/Users/Kamil/Desktop/fisr/vivado/fisr_v5/fisr_v5.runs/synth_1/design_1_wrapper.dcp' has been generated.
INFO: [runtcl-4] Executing : report_utilization -file design_1_wrapper_utilization_synth.rpt -pb design_1_wrapper_utilization_synth.pb
INFO: [Common 17-206] Exiting Vivado at Wed Aug 24 16:06:19 2022...
