#-----------------------------------------------------------
# Vivado v2019.1 (64-bit)
# SW Build 2552052 on Fri May 24 14:49:42 MDT 2019
# IP Build 2548770 on Fri May 24 18:01:18 MDT 2019
# Start of session at: Tue Jul  5 18:26:14 2022
# Process ID: 14232
# Current directory: C:/Users/Kamil/Desktop/fisr/fisr_hls/solution1/.autopilot/db/ip_tmp
# Command line: vivado.exe  -notrace -mode batch -source run_vivado_gen_ip.tcl
# Log file: C:/Users/Kamil/Desktop/fisr/fisr_hls/solution1/.autopilot/db/ip_tmp/vivado.log
# Journal file: C:/Users/Kamil/Desktop/fisr/fisr_hls/solution1/.autopilot/db/ip_tmp\vivado.jou
#-----------------------------------------------------------
source run_vivado_gen_ip.tcl -notrace
INFO: [IP_Flow 19-234] Refreshing IP repositories
INFO: [IP_Flow 19-1704] No user IP repositories specified
INFO: [IP_Flow 19-2313] Loaded Vivado IP repository 'C:/Xilinx/Vivado/2019.1/data/ip'.
INFO: [IP_Flow 19-1686] Generating 'Synthesis' target for IP 'fisr_ap_fmul_2_max_dsp_32'...
INFO: [IP_Flow 19-1686] Generating 'Simulation' target for IP 'fisr_ap_fmul_2_max_dsp_32'...
WARNING: [IP_Flow 19-4832] The IP name 'fisr_ap_fsub_3_full_dsp_32' you have specified is long. The Windows operating system has path length limitations. It is recommended you use shorter names to reduce the likelihood of issues.
INFO: [IP_Flow 19-1686] Generating 'Synthesis' target for IP 'fisr_ap_fsub_3_full_dsp_32'...
INFO: [IP_Flow 19-1686] Generating 'Simulation' target for IP 'fisr_ap_fsub_3_full_dsp_32'...
INFO: [Common 17-206] Exiting Vivado at Tue Jul  5 18:26:23 2022...
